2019-12-02 14:30:58 INFO  Main:50 - Call method findBallsByColor with colorred
2019-12-02 14:30:58 INFO  Main:58 - list info is: [Ball{id=123, color=RED, size=1, weight=23}, Ball{id=145, color=RED, size=36, weight=14}]
2019-12-02 14:33:04 INFO  Main:23 - Общий вес всех мячей в корзине: 106
2019-12-02 14:33:08 INFO  Main:50 - Call method findBallsByColor with colorred
2019-12-02 14:33:08 INFO  Main:58 - list info is: [Ball{id=123, color=RED, size=1, weight=23}, Ball{id=145, color=RED, size=36, weight=14}]
2019-12-02 14:34:47 INFO  Main:23 - Общий вес всех мячей в корзине: 106
2019-12-02 14:34:51 INFO  Main:50 - Call method findBallsByColor with colorred
2019-12-02 14:34:51 INFO  Main:58 - list info is: [Ball{id=123, color=RED, size=1, weight=23}, Ball{id=145, color=RED, size=36, weight=14}]
2019-12-02 14:34:51 INFO  Main:30 - Enter color: [Ball{id=123, color=RED, size=1, weight=23}, Ball{id=145, color=RED, size=36, weight=14}]
2019-12-02 14:36:48 INFO  Main:23 - Общий вес всех мячей в корзине: 106
2019-12-02 14:36:48 INFO  Main:24 - Enter color: 
2019-12-02 14:36:52 INFO  Main:50 - Call method findBallsByColor with colorred
2019-12-02 14:36:52 INFO  Main:58 - list info is: [Ball{id=123, color=RED, size=1, weight=23}, Ball{id=145, color=RED, size=36, weight=14}]
2019-12-02 14:36:52 INFO  Main:30 - Enter color: [Ball{id=123, color=RED, size=1, weight=23}, Ball{id=145, color=RED, size=36, weight=14}]
2019-12-02 14:36:52 INFO  Main:32 - Количество мячей заданного цвета: 2
2019-12-02 14:42:53 INFO  Main:22 - Общий вес всех мячей в корзине: 106
2019-12-02 14:42:58 INFO  Main:50 - Call method findBallsByColor with colorred
2019-12-02 14:42:58 INFO  Main:58 - list info is: [Ball{id=123, color=RED, size=1, weight=23}, Ball{id=145, color=RED, size=36, weight=14}]
2019-12-02 14:42:58 INFO  Main:26 - Enter color: [Ball{id=123, color=RED, size=1, weight=23}, Ball{id=145, color=RED, size=36, weight=14}]
2019-12-02 14:42:58 INFO  Main:27 - Количество мячей заданного цвета: 2
2019-12-02 14:48:08 INFO  Main:22 - Общий вес всех мячей в корзине: 106
2019-12-02 14:48:13 INFO  Main:26 - Enter color: [Ball{id=123, color=RED, size=1, weight=23}, Ball{id=145, color=RED, size=36, weight=14}]
2019-12-02 14:48:13 INFO  Main:27 - Количество мячей заданного цвета: 2
2019-12-02 14:54:03 INFO  Main:23 - Общий вес всех мячей в корзине: 106
2019-12-02 14:54:07 INFO  Main:27 - Enter color: [Ball{id=123, color=RED, size=1, weight=23}, Ball{id=145, color=RED, size=36, weight=14}]
2019-12-02 14:54:07 INFO  Main:28 - Количество мячей заданного цвета: 2
2019-12-02 15:01:47 INFO  Main:23 - Общий вес всех мячей в корзине: 106
2019-12-02 15:01:56 INFO  Main:27 - Enter color: [Ball{id=123, color=RED, size=1, weight=23}, Ball{id=145, color=RED, size=36, weight=14}]
2019-12-02 15:01:56 INFO  Main:28 - Количество мячей заданного цвета: 2
